{"name":"WebMail_04_Verify_Recipient_Received_New_Email_By_Issser_In_Webmail","status":"broken","statusDetails":{"known":false,"muted":false,"flaky":false,"message":"Multiple failures (2):\nFailure 1 of 2\njava.lang.AssertionError: expected [Automation Testing for Linshare by Walker MCCALLISTER] but found [Subject:\nAutomation Testing for Linshare by Walker MCCALLISTER]\n\tat org.testng.Assert.fail(Assert.java:96)\n\tat org.testng.Assert.failNotEquals(Assert.java:776)\n\tat org.testng.Assert.assertEqualsImpl(Assert.java:137)\n\tat org.testng.Assert.assertEquals(Assert.java:118)\n\tat org.testng.Assert.assertEquals(Assert.java:442)\n\tat commons.BaseTest.verifyEquals(BaseTest.java:160)\n\tat linagora.linshare.myspacepage.MySpace_Share_File_Funtion.WebMail_04_Verify_Recipient_Received_New_Email_By_Issser_In_Webmail(MySpace_Share_File_Funtion.java:176)\n\tat java.base/jdk.internal.reflect.NativeMethodAccessorImpl.invoke0(Native Method)\n\tat java.base/jdk.internal.reflect.NativeMethodAccessorImpl.invoke(NativeMethodAccessorImpl.java:62)\n\tat java.base/jdk.internal.reflect.DelegatingMethodAccessorImpl.invoke(DelegatingMethodAccessorImpl.java:43)\n\tat java.base/java.lang.reflect.Method.invoke(Method.java:566)\n\tat org.testng.internal.MethodInvocationHelper.invokeMethod(MethodInvocationHelper.java:124)\n\tat org.testng.internal.Invoker.invokeMethod(Invoker.java:583)\n\tat org.testng.internal.Invoker.invokeTestMethod(Invoker.java:719)\n\tat org.testng.internal.Invoker.invokeTestMethods(Invoker.java:989)\n\tat org.testng.internal.TestMethodWorker.invokeTestMethods(TestMethodWorker.java:125)\n\tat org.testng.internal.TestMethodWorker.run(TestMethodWorker.java:109)\n\tat org.testng.TestRunner.privateRun(TestRunner.java:648)\n\tat org.testng.TestRunner.run(TestRunner.java:505)\n\tat org.testng.SuiteRunner.runTest(SuiteRunner.java:455)\n\tat org.testng.SuiteRunner.runSequentially(SuiteRunner.java:450)\n\tat org.testng.SuiteRunner.privateRun(SuiteRunner.java:415)\n\tat org.testng.SuiteRunner.run(SuiteRunner.java:364)\n\tat org.testng.SuiteRunnerWorker.runSuite(SuiteRunnerWorker.java:52)\n\tat org.testng.SuiteRunnerWorker.run(SuiteRunnerWorker.java:84)\n\tat org.testng.TestNG.runSuitesSequentially(TestNG.java:1208)\n\tat org.testng.TestNG.runSuitesLocally(TestNG.java:1137)\n\tat org.testng.TestNG.runSuites(TestNG.java:1049)\n\tat org.testng.TestNG.run(TestNG.java:1017)\n\tat org.apache.maven.surefire.testng.TestNGExecutor.run(TestNGExecutor.java:283)\n\tat org.apache.maven.surefire.testng.TestNGXmlTestSuite.execute(TestNGXmlTestSuite.java:75)\n\tat org.apache.maven.surefire.testng.TestNGProvider.invoke(TestNGProvider.java:120)\n\tat org.apache.maven.surefire.booter.ForkedBooter.invokeProviderInSameClassLoader(ForkedBooter.java:384)\n\tat org.apache.maven.surefire.booter.ForkedBooter.runSuitesInProcess(ForkedBooter.java:345)\n\tat org.apache.maven.surefire.booter.ForkedBooter.execute(ForkedBooter.java:126)\n\tat org.apache.maven.surefire.booter.ForkedBooter.main(ForkedBooter.java:418)\n\nFailure 2 of 2\njava.lang.AssertionError: expected [peter.wilson@linshare.org ] but found [peter.wilson@linshare.org]","trace":"java.lang.Throwable: Multiple failures (2):\nFailure 1 of 2\njava.lang.AssertionError: expected [Automation Testing for Linshare by Walker MCCALLISTER] but found [Subject:\nAutomation Testing for Linshare by Walker MCCALLISTER]\n\tat org.testng.Assert.fail(Assert.java:96)\n\tat org.testng.Assert.failNotEquals(Assert.java:776)\n\tat org.testng.Assert.assertEqualsImpl(Assert.java:137)\n\tat org.testng.Assert.assertEquals(Assert.java:118)\n\tat org.testng.Assert.assertEquals(Assert.java:442)\n\tat commons.BaseTest.verifyEquals(BaseTest.java:160)\n\tat linagora.linshare.myspacepage.MySpace_Share_File_Funtion.WebMail_04_Verify_Recipient_Received_New_Email_By_Issser_In_Webmail(MySpace_Share_File_Funtion.java:176)\n\tat java.base/jdk.internal.reflect.NativeMethodAccessorImpl.invoke0(Native Method)\n\tat java.base/jdk.internal.reflect.NativeMethodAccessorImpl.invoke(NativeMethodAccessorImpl.java:62)\n\tat java.base/jdk.internal.reflect.DelegatingMethodAccessorImpl.invoke(DelegatingMethodAccessorImpl.java:43)\n\tat java.base/java.lang.reflect.Method.invoke(Method.java:566)\n\tat org.testng.internal.MethodInvocationHelper.invokeMethod(MethodInvocationHelper.java:124)\n\tat org.testng.internal.Invoker.invokeMethod(Invoker.java:583)\n\tat org.testng.internal.Invoker.invokeTestMethod(Invoker.java:719)\n\tat org.testng.internal.Invoker.invokeTestMethods(Invoker.java:989)\n\tat org.testng.internal.TestMethodWorker.invokeTestMethods(TestMethodWorker.java:125)\n\tat org.testng.internal.TestMethodWorker.run(TestMethodWorker.java:109)\n\tat org.testng.TestRunner.privateRun(TestRunner.java:648)\n\tat org.testng.TestRunner.run(TestRunner.java:505)\n\tat org.testng.SuiteRunner.runTest(SuiteRunner.java:455)\n\tat org.testng.SuiteRunner.runSequentially(SuiteRunner.java:450)\n\tat org.testng.SuiteRunner.privateRun(SuiteRunner.java:415)\n\tat org.testng.SuiteRunner.run(SuiteRunner.java:364)\n\tat org.testng.SuiteRunnerWorker.runSuite(SuiteRunnerWorker.java:52)\n\tat org.testng.SuiteRunnerWorker.run(SuiteRunnerWorker.java:84)\n\tat org.testng.TestNG.runSuitesSequentially(TestNG.java:1208)\n\tat org.testng.TestNG.runSuitesLocally(TestNG.java:1137)\n\tat org.testng.TestNG.runSuites(TestNG.java:1049)\n\tat org.testng.TestNG.run(TestNG.java:1017)\n\tat org.apache.maven.surefire.testng.TestNGExecutor.run(TestNGExecutor.java:283)\n\tat org.apache.maven.surefire.testng.TestNGXmlTestSuite.execute(TestNGXmlTestSuite.java:75)\n\tat org.apache.maven.surefire.testng.TestNGProvider.invoke(TestNGProvider.java:120)\n\tat org.apache.maven.surefire.booter.ForkedBooter.invokeProviderInSameClassLoader(ForkedBooter.java:384)\n\tat org.apache.maven.surefire.booter.ForkedBooter.runSuitesInProcess(ForkedBooter.java:345)\n\tat org.apache.maven.surefire.booter.ForkedBooter.execute(ForkedBooter.java:126)\n\tat org.apache.maven.surefire.booter.ForkedBooter.main(ForkedBooter.java:418)\n\nFailure 2 of 2\njava.lang.AssertionError: expected [peter.wilson@linshare.org ] but found [peter.wilson@linshare.org]\n\tat org.testng.Assert.fail(Assert.java:96)\n\tat org.testng.Assert.failNotEquals(Assert.java:776)\n\tat org.testng.Assert.assertEqualsImpl(Assert.java:137)\n\tat org.testng.Assert.assertEquals(Assert.java:118)\n\tat org.testng.Assert.assertEquals(Assert.java:442)\n\tat commons.BaseTest.verifyEquals(BaseTest.java:160)\n\tat linagora.linshare.myspacepage.MySpace_Share_File_Funtion.WebMail_04_Verify_Recipient_Received_New_Email_By_Issser_In_Webmail(MySpace_Share_File_Funtion.java:179)\n\tat java.base/jdk.internal.reflect.NativeMethodAccessorImpl.invoke0(Native Method)\n\tat java.base/jdk.internal.reflect.NativeMethodAccessorImpl.invoke(NativeMethodAccessorImpl.java:62)\n\tat java.base/jdk.internal.reflect.DelegatingMethodAccessorImpl.invoke(DelegatingMethodAccessorImpl.java:43)\n\tat java.base/java.lang.reflect.Method.invoke(Method.java:566)\n\tat org.testng.internal.MethodInvocationHelper.invokeMethod(MethodInvocationHelper.java:124)\n\tat org.testng.internal.Invoker.invokeMethod(Invoker.java:583)\n\tat org.testng.internal.Invoker.invokeTestMethod(Invoker.java:719)\n\tat org.testng.internal.Invoker.invokeTestMethods(Invoker.java:989)\n\tat org.testng.internal.TestMethodWorker.invokeTestMethods(TestMethodWorker.java:125)\n\tat org.testng.internal.TestMethodWorker.run(TestMethodWorker.java:109)\n\tat org.testng.TestRunner.privateRun(TestRunner.java:648)\n\tat org.testng.TestRunner.run(TestRunner.java:505)\n\tat org.testng.SuiteRunner.runTest(SuiteRunner.java:455)\n\tat org.testng.SuiteRunner.runSequentially(SuiteRunner.java:450)\n\tat org.testng.SuiteRunner.privateRun(SuiteRunner.java:415)\n\tat org.testng.SuiteRunner.run(SuiteRunner.java:364)\n\tat org.testng.SuiteRunnerWorker.runSuite(SuiteRunnerWorker.java:52)\n\tat org.testng.SuiteRunnerWorker.run(SuiteRunnerWorker.java:84)\n\tat org.testng.TestNG.runSuitesSequentially(TestNG.java:1208)\n\tat org.testng.TestNG.runSuitesLocally(TestNG.java:1137)\n\tat org.testng.TestNG.runSuites(TestNG.java:1049)\n\tat org.testng.TestNG.run(TestNG.java:1017)\n\tat org.apache.maven.surefire.testng.TestNGExecutor.run(TestNGExecutor.java:283)\n\tat org.apache.maven.surefire.testng.TestNGXmlTestSuite.execute(TestNGXmlTestSuite.java:75)\n\tat org.apache.maven.surefire.testng.TestNGProvider.invoke(TestNGProvider.java:120)\n\tat org.apache.maven.surefire.booter.ForkedBooter.invokeProviderInSameClassLoader(ForkedBooter.java:384)\n\tat org.apache.maven.surefire.booter.ForkedBooter.runSuitesInProcess(ForkedBooter.java:345)\n\tat org.apache.maven.surefire.booter.ForkedBooter.execute(ForkedBooter.java:126)\n\tat org.apache.maven.surefire.booter.ForkedBooter.main(ForkedBooter.java:418)\n"},"stage":"finished","steps":[],"attachments":[],"parameters":[{"name":"urlmail","value":"https://webmail.linshare-4-2-on-commit.integration-linshare.org/"},{"name":"url","value":"https://user.linshare-4-2-on-commit.integration-linshare.org/"},{"name":"browser","value":"chrome"}],"start":1628327527436,"stop":1628327653030,"uuid":"fa008b6c-e3a0-4076-90e0-b3c89f6283dd","historyId":"c020e4d1e993a816792c76e4bad3a0b4","fullName":"linagora.linshare.myspacepage.MySpace_Share_File_Funtion.WebMail_04_Verify_Recipient_Received_New_Email_By_Issser_In_Webmail","labels":[{"name":"package","value":"linagora.linshare.myspacepage.MySpace_Share_File_Funtion"},{"name":"testClass","value":"linagora.linshare.myspacepage.MySpace_Share_File_Funtion"},{"name":"testMethod","value":"WebMail_04_Verify_Recipient_Received_New_Email_By_Issser_In_Webmail"},{"name":"parentSuite","value":"Linshare Web"},{"name":"suite","value":"Run on chrome"},{"name":"subSuite","value":"linagora.linshare.myspacepage.MySpace_Share_File_Funtion"},{"name":"host","value":"tuanpv-HP-ProBook-440-G6"},{"name":"thread","value":"13396@tuanpv-HP-ProBook-440-G6.main(1)"},{"name":"framework","value":"testng"},{"name":"language","value":"java"}],"links":[]}