<?xml version="1.0" encoding="UTF-8"?>
<!-- Generated by org.testng.reporters.JUnitReportReporter -->
<testsuite hostname="tuanpv-HP-ProBook-440-G6" failures="0" tests="6" name="linagora.linshare.sharedspace.SharedSpace_03_Workgroup_Write_Role" time="303.574" errors="1" timestamp="12 Sep 2021 13:19:47 GMT" skipped="5">
  <testcase classname="linagora.linshare.sharedspace.SharedSpace_03_Workgroup_Write_Role" name="SharedSpace_03_User_Can_Upload_File_In_Workgroup" time="0.000">
    <skipped/>
  </testcase> <!-- SharedSpace_03_User_Can_Upload_File_In_Workgroup -->
  <testcase classname="linagora.linshare.sharedspace.SharedSpace_03_Workgroup_Write_Role" name="SharedSpace_02_User_Can_Create_Folder_In_Workgroup_With_Admin_Right" time="0.000">
    <skipped/>
  </testcase> <!-- SharedSpace_02_User_Can_Create_Folder_In_Workgroup_With_Admin_Right -->
  <testcase classname="linagora.linshare.sharedspace.SharedSpace_03_Workgroup_Write_Role" name="SharedSpace_04_User_Can_Add_Member_With_Writer_Right" time="0.000">
    <skipped/>
  </testcase> <!-- SharedSpace_04_User_Can_Add_Member_With_Writer_Right -->
  <testcase classname="linagora.linshare.sharedspace.SharedSpace_03_Workgroup_Write_Role" name="SharedSpace_05_Invited_User_Receive_Workgroup_With_Contributor_Right_In_Shared_Space" time="0.000">
    <skipped/>
  </testcase> <!-- SharedSpace_05_Invited_User_Receive_Workgroup_With_Contributor_Right_In_Shared_Space -->
  <testcase classname="linagora.linshare.sharedspace.SharedSpace_03_Workgroup_Write_Role" name="beforeClass" time="303.574">
    <error message="timeout: Timed out receiving message from renderer: 292.769
  (Session info: chrome=92.0.4515.159)
Build info: version: &#039;3.141.59&#039;, revision: &#039;e82be7d358&#039;, time: &#039;2018-11-14T08:17:03&#039;
System info: host: &#039;tuanpv-HP-ProBook-440-G6&#039;, ip: &#039;127.0.1.1&#039;, os.name: &#039;Linux&#039;, os.arch: &#039;amd64&#039;, os.version: &#039;5.4.0-84-generic&#039;, java.version: &#039;11.0.11&#039;
Driver info: org.openqa.selenium.chrome.ChromeDriver
Capabilities {acceptInsecureCerts: false, browserName: chrome, browserVersion: 92.0.4515.159, chrome: {chromedriverVersion: 92.0.4515.107 (87a818b10553..., userDataDir: /tmp/.com.google.Chrome.oj0CbE}, goog:chromeOptions: {debuggerAddress: localhost:43213}, javascriptEnabled: true, networkConnectionEnabled: false, pageLoadStrategy: normal, platform: LINUX, platformName: LINUX, proxy: Proxy(), setWindowRect: true, strictFileInteractability: false, timeouts: {implicit: 0, pageLoad: 300000, script: 30000}, unhandledPromptBehavior: dismiss and notify, webauthn:extension:credBlob: true, webauthn:extension:largeBlob: true, webauthn:virtualAuthenticators: true}
Session ID: ca05ba87e88bf8434cfbc716e7c0eff8" type="org.openqa.selenium.TimeoutException">
      <![CDATA[org.openqa.selenium.TimeoutException: timeout: Timed out receiving message from renderer: 292.769
  (Session info: chrome=92.0.4515.159)
Build info: version: '3.141.59', revision: 'e82be7d358', time: '2018-11-14T08:17:03'
System info: host: 'tuanpv-HP-ProBook-440-G6', ip: '127.0.1.1', os.name: 'Linux', os.arch: 'amd64', os.version: '5.4.0-84-generic', java.version: '11.0.11'
Driver info: org.openqa.selenium.chrome.ChromeDriver
Capabilities {acceptInsecureCerts: false, browserName: chrome, browserVersion: 92.0.4515.159, chrome: {chromedriverVersion: 92.0.4515.107 (87a818b10553..., userDataDir: /tmp/.com.google.Chrome.oj0CbE}, goog:chromeOptions: {debuggerAddress: localhost:43213}, javascriptEnabled: true, networkConnectionEnabled: false, pageLoadStrategy: normal, platform: LINUX, platformName: LINUX, proxy: Proxy(), setWindowRect: true, strictFileInteractability: false, timeouts: {implicit: 0, pageLoad: 300000, script: 30000}, unhandledPromptBehavior: dismiss and notify, webauthn:extension:credBlob: true, webauthn:extension:largeBlob: true, webauthn:virtualAuthenticators: true}
Session ID: ca05ba87e88bf8434cfbc716e7c0eff8
at java.base/jdk.internal.reflect.NativeConstructorAccessorImpl.newInstance0(Native Method)
at java.base/jdk.internal.reflect.NativeConstructorAccessorImpl.newInstance(NativeConstructorAccessorImpl.java:62)
at java.base/jdk.internal.reflect.DelegatingConstructorAccessorImpl.newInstance(DelegatingConstructorAccessorImpl.java:45)
at java.base/java.lang.reflect.Constructor.newInstance(Constructor.java:490)
at org.openqa.selenium.remote.http.W3CHttpResponseCodec.createException(W3CHttpResponseCodec.java:187)
at org.openqa.selenium.remote.http.W3CHttpResponseCodec.decode(W3CHttpResponseCodec.java:122)
at org.openqa.selenium.remote.http.W3CHttpResponseCodec.decode(W3CHttpResponseCodec.java:49)
at org.openqa.selenium.remote.HttpCommandExecutor.execute(HttpCommandExecutor.java:158)
at org.openqa.selenium.remote.service.DriverCommandExecutor.execute(DriverCommandExecutor.java:83)
at org.openqa.selenium.remote.RemoteWebDriver.execute(RemoteWebDriver.java:552)
at org.openqa.selenium.remote.RemoteWebDriver.get(RemoteWebDriver.java:277)
at commons.BaseTest.getBrowserForDriver(BaseTest.java:52)
at linagora.linshare.sharedspace.SharedSpace_03_Workgroup_Write_Role.beforeClass(SharedSpace_03_Workgroup_Write_Role.java:31)
at java.base/jdk.internal.reflect.NativeMethodAccessorImpl.invoke0(Native Method)
at java.base/jdk.internal.reflect.NativeMethodAccessorImpl.invoke(NativeMethodAccessorImpl.java:62)
at java.base/jdk.internal.reflect.DelegatingMethodAccessorImpl.invoke(DelegatingMethodAccessorImpl.java:43)
at java.base/java.lang.reflect.Method.invoke(Method.java:566)
at org.testng.internal.MethodInvocationHelper.invokeMethod(MethodInvocationHelper.java:124)
at org.testng.internal.MethodInvocationHelper.invokeMethodConsideringTimeout(MethodInvocationHelper.java:59)
at org.testng.internal.Invoker.invokeConfigurationMethod(Invoker.java:458)
at org.testng.internal.Invoker.invokeConfigurations(Invoker.java:222)
at org.testng.internal.Invoker.invokeConfigurations(Invoker.java:142)
at org.testng.internal.TestMethodWorker.invokeBeforeClassMethods(TestMethodWorker.java:168)
at org.testng.internal.TestMethodWorker.run(TestMethodWorker.java:105)
at org.testng.TestRunner.privateRun(TestRunner.java:648)
at org.testng.TestRunner.run(TestRunner.java:505)
at org.testng.SuiteRunner.runTest(SuiteRunner.java:455)
at org.testng.SuiteRunner.runSequentially(SuiteRunner.java:450)
at org.testng.SuiteRunner.privateRun(SuiteRunner.java:415)
at org.testng.SuiteRunner.run(SuiteRunner.java:364)
at org.testng.SuiteRunnerWorker.runSuite(SuiteRunnerWorker.java:52)
at org.testng.SuiteRunnerWorker.run(SuiteRunnerWorker.java:84)
at org.testng.TestNG.runSuitesSequentially(TestNG.java:1208)
at org.testng.TestNG.runSuitesLocally(TestNG.java:1137)
at org.testng.TestNG.runSuites(TestNG.java:1049)
at org.testng.TestNG.run(TestNG.java:1017)
at org.apache.maven.surefire.testng.TestNGExecutor.run(TestNGExecutor.java:283)
at org.apache.maven.surefire.testng.TestNGXmlTestSuite.execute(TestNGXmlTestSuite.java:75)
at org.apache.maven.surefire.testng.TestNGProvider.invoke(TestNGProvider.java:120)
at org.apache.maven.surefire.booter.ForkedBooter.invokeProviderInSameClassLoader(ForkedBooter.java:384)
at org.apache.maven.surefire.booter.ForkedBooter.runSuitesInProcess(ForkedBooter.java:345)
at org.apache.maven.surefire.booter.ForkedBooter.execute(ForkedBooter.java:126)
at org.apache.maven.surefire.booter.ForkedBooter.main(ForkedBooter.java:418)
]]>
    </error>
  </testcase> <!-- beforeClass -->
  <testcase classname="linagora.linshare.sharedspace.SharedSpace_03_Workgroup_Write_Role" name="SharedSpace_01_User_Can_Create_WorkGroup_With_New_Name" time="0.000">
    <skipped/>
  </testcase> <!-- SharedSpace_01_User_Can_Create_WorkGroup_With_New_Name -->
</testsuite> <!-- linagora.linshare.sharedspace.SharedSpace_03_Workgroup_Write_Role -->
